corpus size: 1001, vocabulary size: 1002
max_iters: 2
iter: 0
    t: 0 time_idx: 0
        i: 0 	offset: 0 	time_idx: 0 	 0 	 0
        i: 1 	offset: 100 	time_idx: 0 	 100 	 100
        i: 2 	offset: 200 	time_idx: 0 	 200 	 200
        i: 3 	offset: 300 	time_idx: 0 	 300 	 300
        i: 4 	offset: 400 	time_idx: 0 	 400 	 400
        i: 5 	offset: 500 	time_idx: 0 	 500 	 500
        i: 6 	offset: 600 	time_idx: 0 	 600 	 600
        i: 7 	offset: 700 	time_idx: 0 	 700 	 700
        i: 8 	offset: 800 	time_idx: 0 	 800 	 800
        i: 9 	offset: 900 	time_idx: 0 	 900 	 900
    t: 1 time_idx: 1
        i: 0 	offset: 0 	time_idx: 1 	 1 	 1
        i: 1 	offset: 100 	time_idx: 1 	 101 	 101
        i: 2 	offset: 200 	time_idx: 1 	 201 	 201
        i: 3 	offset: 300 	time_idx: 1 	 301 	 301
        i: 4 	offset: 400 	time_idx: 1 	 401 	 401
        i: 5 	offset: 500 	time_idx: 1 	 501 	 501
        i: 6 	offset: 600 	time_idx: 1 	 601 	 601
        i: 7 	offset: 700 	time_idx: 1 	 701 	 701
        i: 8 	offset: 800 	time_idx: 1 	 801 	 801
        i: 9 	offset: 900 	time_idx: 1 	 901 	 901
    t: 2 time_idx: 2
        i: 0 	offset: 0 	time_idx: 2 	 2 	 2
        i: 1 	offset: 100 	time_idx: 2 	 102 	 102
        i: 2 	offset: 200 	time_idx: 2 	 202 	 202
        i: 3 	offset: 300 	time_idx: 2 	 302 	 302
        i: 4 	offset: 400 	time_idx: 2 	 402 	 402
        i: 5 	offset: 500 	time_idx: 2 	 502 	 502
        i: 6 	offset: 600 	time_idx: 2 	 602 	 602
        i: 7 	offset: 700 	time_idx: 2 	 702 	 702
        i: 8 	offset: 800 	time_idx: 2 	 802 	 802
        i: 9 	offset: 900 	time_idx: 2 	 902 	 902
    t: 3 time_idx: 3
        i: 0 	offset: 0 	time_idx: 3 	 3 	 3
        i: 1 	offset: 100 	time_idx: 3 	 103 	 103
        i: 2 	offset: 200 	time_idx: 3 	 203 	 203
        i: 3 	offset: 300 	time_idx: 3 	 303 	 303
        i: 4 	offset: 400 	time_idx: 3 	 403 	 403
        i: 5 	offset: 500 	time_idx: 3 	 503 	 503
        i: 6 	offset: 600 	time_idx: 3 	 603 	 603
        i: 7 	offset: 700 	time_idx: 3 	 703 	 703
        i: 8 	offset: 800 	time_idx: 3 	 803 	 803
        i: 9 	offset: 900 	time_idx: 3 	 903 	 903
    t: 4 time_idx: 4
        i: 0 	offset: 0 	time_idx: 4 	 4 	 4
        i: 1 	offset: 100 	time_idx: 4 	 104 	 104
        i: 2 	offset: 200 	time_idx: 4 	 204 	 204
        i: 3 	offset: 300 	time_idx: 4 	 304 	 304
        i: 4 	offset: 400 	time_idx: 4 	 404 	 404
        i: 5 	offset: 500 	time_idx: 4 	 504 	 504
        i: 6 	offset: 600 	time_idx: 4 	 604 	 604
        i: 7 	offset: 700 	time_idx: 4 	 704 	 704
        i: 8 	offset: 800 	time_idx: 4 	 804 	 804
        i: 9 	offset: 900 	time_idx: 4 	 904 	 904
    t: 5 time_idx: 5
        i: 0 	offset: 0 	time_idx: 5 	 5 	 5
        i: 1 	offset: 100 	time_idx: 5 	 105 	 105
        i: 2 	offset: 200 	time_idx: 5 	 205 	 205
        i: 3 	offset: 300 	time_idx: 5 	 305 	 305
        i: 4 	offset: 400 	time_idx: 5 	 405 	 405
        i: 5 	offset: 500 	time_idx: 5 	 505 	 505
        i: 6 	offset: 600 	time_idx: 5 	 605 	 605
        i: 7 	offset: 700 	time_idx: 5 	 705 	 705
        i: 8 	offset: 800 	time_idx: 5 	 805 	 805
        i: 9 	offset: 900 	time_idx: 5 	 905 	 905
    t: 6 time_idx: 6
        i: 0 	offset: 0 	time_idx: 6 	 6 	 6
        i: 1 	offset: 100 	time_idx: 6 	 106 	 106
        i: 2 	offset: 200 	time_idx: 6 	 206 	 206
        i: 3 	offset: 300 	time_idx: 6 	 306 	 306
        i: 4 	offset: 400 	time_idx: 6 	 406 	 406
        i: 5 	offset: 500 	time_idx: 6 	 506 	 506
        i: 6 	offset: 600 	time_idx: 6 	 606 	 606
        i: 7 	offset: 700 	time_idx: 6 	 706 	 706
        i: 8 	offset: 800 	time_idx: 6 	 806 	 806
        i: 9 	offset: 900 	time_idx: 6 	 906 	 906
    t: 7 time_idx: 7
        i: 0 	offset: 0 	time_idx: 7 	 7 	 7
        i: 1 	offset: 100 	time_idx: 7 	 107 	 107
        i: 2 	offset: 200 	time_idx: 7 	 207 	 207
        i: 3 	offset: 300 	time_idx: 7 	 307 	 307
        i: 4 	offset: 400 	time_idx: 7 	 407 	 407
        i: 5 	offset: 500 	time_idx: 7 	 507 	 507
        i: 6 	offset: 600 	time_idx: 7 	 607 	 607
        i: 7 	offset: 700 	time_idx: 7 	 707 	 707
        i: 8 	offset: 800 	time_idx: 7 	 807 	 807
        i: 9 	offset: 900 	time_idx: 7 	 907 	 907
    t: 8 time_idx: 8
        i: 0 	offset: 0 	time_idx: 8 	 8 	 8
        i: 1 	offset: 100 	time_idx: 8 	 108 	 108
        i: 2 	offset: 200 	time_idx: 8 	 208 	 208
        i: 3 	offset: 300 	time_idx: 8 	 308 	 308
        i: 4 	offset: 400 	time_idx: 8 	 408 	 408
        i: 5 	offset: 500 	time_idx: 8 	 508 	 508
        i: 6 	offset: 600 	time_idx: 8 	 608 	 608
        i: 7 	offset: 700 	time_idx: 8 	 708 	 708
        i: 8 	offset: 800 	time_idx: 8 	 808 	 808
        i: 9 	offset: 900 	time_idx: 8 	 908 	 908
    t: 9 time_idx: 9
        i: 0 	offset: 0 	time_idx: 9 	 9 	 9
        i: 1 	offset: 100 	time_idx: 9 	 109 	 109
        i: 2 	offset: 200 	time_idx: 9 	 209 	 209
        i: 3 	offset: 300 	time_idx: 9 	 309 	 309
        i: 4 	offset: 400 	time_idx: 9 	 409 	 409
        i: 5 	offset: 500 	time_idx: 9 	 509 	 509
        i: 6 	offset: 600 	time_idx: 9 	 609 	 609
        i: 7 	offset: 700 	time_idx: 9 	 709 	 709
        i: 8 	offset: 800 	time_idx: 9 	 809 	 809
        i: 9 	offset: 900 	time_idx: 9 	 909 	 909
    t: 10 time_idx: 10
        i: 0 	offset: 0 	time_idx: 10 	 10 	 10
        i: 1 	offset: 100 	time_idx: 10 	 110 	 110
        i: 2 	offset: 200 	time_idx: 10 	 210 	 210
        i: 3 	offset: 300 	time_idx: 10 	 310 	 310
        i: 4 	offset: 400 	time_idx: 10 	 410 	 410
        i: 5 	offset: 500 	time_idx: 10 	 510 	 510
        i: 6 	offset: 600 	time_idx: 10 	 610 	 610
        i: 7 	offset: 700 	time_idx: 10 	 710 	 710
        i: 8 	offset: 800 	time_idx: 10 	 810 	 810
        i: 9 	offset: 900 	time_idx: 10 	 910 	 910
    t: 11 time_idx: 11
        i: 0 	offset: 0 	time_idx: 11 	 11 	 11
        i: 1 	offset: 100 	time_idx: 11 	 111 	 111
        i: 2 	offset: 200 	time_idx: 11 	 211 	 211
        i: 3 	offset: 300 	time_idx: 11 	 311 	 311
        i: 4 	offset: 400 	time_idx: 11 	 411 	 411
        i: 5 	offset: 500 	time_idx: 11 	 511 	 511
        i: 6 	offset: 600 	time_idx: 11 	 611 	 611
        i: 7 	offset: 700 	time_idx: 11 	 711 	 711
        i: 8 	offset: 800 	time_idx: 11 	 811 	 811
        i: 9 	offset: 900 	time_idx: 11 	 911 	 911
    t: 12 time_idx: 12
        i: 0 	offset: 0 	time_idx: 12 	 12 	 12
        i: 1 	offset: 100 	time_idx: 12 	 112 	 112
        i: 2 	offset: 200 	time_idx: 12 	 212 	 212
        i: 3 	offset: 300 	time_idx: 12 	 312 	 312
        i: 4 	offset: 400 	time_idx: 12 	 412 	 412
        i: 5 	offset: 500 	time_idx: 12 	 512 	 512
        i: 6 	offset: 600 	time_idx: 12 	 612 	 612
        i: 7 	offset: 700 	time_idx: 12 	 712 	 712
        i: 8 	offset: 800 	time_idx: 12 	 812 	 812
        i: 9 	offset: 900 	time_idx: 12 	 912 	 912
    t: 13 time_idx: 13
        i: 0 	offset: 0 	time_idx: 13 	 13 	 13
        i: 1 	offset: 100 	time_idx: 13 	 113 	 113
        i: 2 	offset: 200 	time_idx: 13 	 213 	 213
        i: 3 	offset: 300 	time_idx: 13 	 313 	 313
        i: 4 	offset: 400 	time_idx: 13 	 413 	 413
        i: 5 	offset: 500 	time_idx: 13 	 513 	 513
        i: 6 	offset: 600 	time_idx: 13 	 613 	 613
        i: 7 	offset: 700 	time_idx: 13 	 713 	 713
        i: 8 	offset: 800 	time_idx: 13 	 813 	 813
        i: 9 	offset: 900 	time_idx: 13 	 913 	 913
    t: 14 time_idx: 14
        i: 0 	offset: 0 	time_idx: 14 	 14 	 14
        i: 1 	offset: 100 	time_idx: 14 	 114 	 114
        i: 2 	offset: 200 	time_idx: 14 	 214 	 214
        i: 3 	offset: 300 	time_idx: 14 	 314 	 314
        i: 4 	offset: 400 	time_idx: 14 	 414 	 414
        i: 5 	offset: 500 	time_idx: 14 	 514 	 514
        i: 6 	offset: 600 	time_idx: 14 	 614 	 614
        i: 7 	offset: 700 	time_idx: 14 	 714 	 714
        i: 8 	offset: 800 	time_idx: 14 	 814 	 814
        i: 9 	offset: 900 	time_idx: 14 	 914 	 914
    t: 15 time_idx: 15
        i: 0 	offset: 0 	time_idx: 15 	 15 	 15
        i: 1 	offset: 100 	time_idx: 15 	 115 	 115
        i: 2 	offset: 200 	time_idx: 15 	 215 	 215
        i: 3 	offset: 300 	time_idx: 15 	 315 	 315
        i: 4 	offset: 400 	time_idx: 15 	 415 	 415
        i: 5 	offset: 500 	time_idx: 15 	 515 	 515
        i: 6 	offset: 600 	time_idx: 15 	 615 	 615
        i: 7 	offset: 700 	time_idx: 15 	 715 	 715
        i: 8 	offset: 800 	time_idx: 15 	 815 	 815
        i: 9 	offset: 900 	time_idx: 15 	 915 	 915
    t: 16 time_idx: 16
        i: 0 	offset: 0 	time_idx: 16 	 16 	 16
        i: 1 	offset: 100 	time_idx: 16 	 116 	 116
        i: 2 	offset: 200 	time_idx: 16 	 216 	 216
        i: 3 	offset: 300 	time_idx: 16 	 316 	 316
        i: 4 	offset: 400 	time_idx: 16 	 416 	 416
        i: 5 	offset: 500 	time_idx: 16 	 516 	 516
        i: 6 	offset: 600 	time_idx: 16 	 616 	 616
        i: 7 	offset: 700 	time_idx: 16 	 716 	 716
        i: 8 	offset: 800 	time_idx: 16 	 816 	 816
        i: 9 	offset: 900 	time_idx: 16 	 916 	 916
    t: 17 time_idx: 17
        i: 0 	offset: 0 	time_idx: 17 	 17 	 17
        i: 1 	offset: 100 	time_idx: 17 	 117 	 117
        i: 2 	offset: 200 	time_idx: 17 	 217 	 217
        i: 3 	offset: 300 	time_idx: 17 	 317 	 317
        i: 4 	offset: 400 	time_idx: 17 	 417 	 417
        i: 5 	offset: 500 	time_idx: 17 	 517 	 517
        i: 6 	offset: 600 	time_idx: 17 	 617 	 617
        i: 7 	offset: 700 	time_idx: 17 	 717 	 717
        i: 8 	offset: 800 	time_idx: 17 	 817 	 817
        i: 9 	offset: 900 	time_idx: 17 	 917 	 917
    t: 18 time_idx: 18
        i: 0 	offset: 0 	time_idx: 18 	 18 	 18
        i: 1 	offset: 100 	time_idx: 18 	 118 	 118
        i: 2 	offset: 200 	time_idx: 18 	 218 	 218
        i: 3 	offset: 300 	time_idx: 18 	 318 	 318
        i: 4 	offset: 400 	time_idx: 18 	 418 	 418
        i: 5 	offset: 500 	time_idx: 18 	 518 	 518
        i: 6 	offset: 600 	time_idx: 18 	 618 	 618
        i: 7 	offset: 700 	time_idx: 18 	 718 	 718
        i: 8 	offset: 800 	time_idx: 18 	 818 	 818
        i: 9 	offset: 900 	time_idx: 18 	 918 	 918
    t: 19 time_idx: 19
        i: 0 	offset: 0 	time_idx: 19 	 19 	 19
        i: 1 	offset: 100 	time_idx: 19 	 119 	 119
        i: 2 	offset: 200 	time_idx: 19 	 219 	 219
        i: 3 	offset: 300 	time_idx: 19 	 319 	 319
        i: 4 	offset: 400 	time_idx: 19 	 419 	 419
        i: 5 	offset: 500 	time_idx: 19 	 519 	 519
        i: 6 	offset: 600 	time_idx: 19 	 619 	 619
        i: 7 	offset: 700 	time_idx: 19 	 719 	 719
        i: 8 	offset: 800 	time_idx: 19 	 819 	 819
        i: 9 	offset: 900 	time_idx: 19 	 919 	 919
    t: 20 time_idx: 20
        i: 0 	offset: 0 	time_idx: 20 	 20 	 20
        i: 1 	offset: 100 	time_idx: 20 	 120 	 120
        i: 2 	offset: 200 	time_idx: 20 	 220 	 220
        i: 3 	offset: 300 	time_idx: 20 	 320 	 320
        i: 4 	offset: 400 	time_idx: 20 	 420 	 420
        i: 5 	offset: 500 	time_idx: 20 	 520 	 520
        i: 6 	offset: 600 	time_idx: 20 	 620 	 620
        i: 7 	offset: 700 	time_idx: 20 	 720 	 720
        i: 8 	offset: 800 	time_idx: 20 	 820 	 820
        i: 9 	offset: 900 	time_idx: 20 	 920 	 920
    t: 21 time_idx: 21
        i: 0 	offset: 0 	time_idx: 21 	 21 	 21
        i: 1 	offset: 100 	time_idx: 21 	 121 	 121
        i: 2 	offset: 200 	time_idx: 21 	 221 	 221
        i: 3 	offset: 300 	time_idx: 21 	 321 	 321
        i: 4 	offset: 400 	time_idx: 21 	 421 	 421
        i: 5 	offset: 500 	time_idx: 21 	 521 	 521
        i: 6 	offset: 600 	time_idx: 21 	 621 	 621
        i: 7 	offset: 700 	time_idx: 21 	 721 	 721
        i: 8 	offset: 800 	time_idx: 21 	 821 	 821
        i: 9 	offset: 900 	time_idx: 21 	 921 	 921
    t: 22 time_idx: 22
        i: 0 	offset: 0 	time_idx: 22 	 22 	 22
        i: 1 	offset: 100 	time_idx: 22 	 122 	 122
        i: 2 	offset: 200 	time_idx: 22 	 222 	 222
        i: 3 	offset: 300 	time_idx: 22 	 322 	 322
        i: 4 	offset: 400 	time_idx: 22 	 422 	 422
        i: 5 	offset: 500 	time_idx: 22 	 522 	 522
        i: 6 	offset: 600 	time_idx: 22 	 622 	 622
        i: 7 	offset: 700 	time_idx: 22 	 722 	 722
        i: 8 	offset: 800 	time_idx: 22 	 822 	 822
        i: 9 	offset: 900 	time_idx: 22 	 922 	 922
    t: 23 time_idx: 23
        i: 0 	offset: 0 	time_idx: 23 	 23 	 23
        i: 1 	offset: 100 	time_idx: 23 	 123 	 123
        i: 2 	offset: 200 	time_idx: 23 	 223 	 223
        i: 3 	offset: 300 	time_idx: 23 	 323 	 323
        i: 4 	offset: 400 	time_idx: 23 	 423 	 423
        i: 5 	offset: 500 	time_idx: 23 	 523 	 523
        i: 6 	offset: 600 	time_idx: 23 	 623 	 623
        i: 7 	offset: 700 	time_idx: 23 	 723 	 723
        i: 8 	offset: 800 	time_idx: 23 	 823 	 823
        i: 9 	offset: 900 	time_idx: 23 	 923 	 923
    t: 24 time_idx: 24
        i: 0 	offset: 0 	time_idx: 24 	 24 	 24
        i: 1 	offset: 100 	time_idx: 24 	 124 	 124
        i: 2 	offset: 200 	time_idx: 24 	 224 	 224
        i: 3 	offset: 300 	time_idx: 24 	 324 	 324
        i: 4 	offset: 400 	time_idx: 24 	 424 	 424
        i: 5 	offset: 500 	time_idx: 24 	 524 	 524
        i: 6 	offset: 600 	time_idx: 24 	 624 	 624
        i: 7 	offset: 700 	time_idx: 24 	 724 	 724
        i: 8 	offset: 800 	time_idx: 24 	 824 	 824
        i: 9 	offset: 900 	time_idx: 24 	 924 	 924
    t: 25 time_idx: 25
        i: 0 	offset: 0 	time_idx: 25 	 25 	 25
        i: 1 	offset: 100 	time_idx: 25 	 125 	 125
        i: 2 	offset: 200 	time_idx: 25 	 225 	 225
        i: 3 	offset: 300 	time_idx: 25 	 325 	 325
        i: 4 	offset: 400 	time_idx: 25 	 425 	 425
        i: 5 	offset: 500 	time_idx: 25 	 525 	 525
        i: 6 	offset: 600 	time_idx: 25 	 625 	 625
        i: 7 	offset: 700 	time_idx: 25 	 725 	 725
        i: 8 	offset: 800 	time_idx: 25 	 825 	 825
        i: 9 	offset: 900 	time_idx: 25 	 925 	 925
    t: 26 time_idx: 26
        i: 0 	offset: 0 	time_idx: 26 	 26 	 26
        i: 1 	offset: 100 	time_idx: 26 	 126 	 126
        i: 2 	offset: 200 	time_idx: 26 	 226 	 226
        i: 3 	offset: 300 	time_idx: 26 	 326 	 326
        i: 4 	offset: 400 	time_idx: 26 	 426 	 426
        i: 5 	offset: 500 	time_idx: 26 	 526 	 526
        i: 6 	offset: 600 	time_idx: 26 	 626 	 626
        i: 7 	offset: 700 	time_idx: 26 	 726 	 726
        i: 8 	offset: 800 	time_idx: 26 	 826 	 826
        i: 9 	offset: 900 	time_idx: 26 	 926 	 926
    t: 27 time_idx: 27
        i: 0 	offset: 0 	time_idx: 27 	 27 	 27
        i: 1 	offset: 100 	time_idx: 27 	 127 	 127
        i: 2 	offset: 200 	time_idx: 27 	 227 	 227
        i: 3 	offset: 300 	time_idx: 27 	 327 	 327
        i: 4 	offset: 400 	time_idx: 27 	 427 	 427
        i: 5 	offset: 500 	time_idx: 27 	 527 	 527
        i: 6 	offset: 600 	time_idx: 27 	 627 	 627
        i: 7 	offset: 700 	time_idx: 27 	 727 	 727
        i: 8 	offset: 800 	time_idx: 27 	 827 	 827
        i: 9 	offset: 900 	time_idx: 27 	 927 	 927
    t: 28 time_idx: 28
        i: 0 	offset: 0 	time_idx: 28 	 28 	 28
        i: 1 	offset: 100 	time_idx: 28 	 128 	 128
        i: 2 	offset: 200 	time_idx: 28 	 228 	 228
        i: 3 	offset: 300 	time_idx: 28 	 328 	 328
        i: 4 	offset: 400 	time_idx: 28 	 428 	 428
        i: 5 	offset: 500 	time_idx: 28 	 528 	 528
        i: 6 	offset: 600 	time_idx: 28 	 628 	 628
        i: 7 	offset: 700 	time_idx: 28 	 728 	 728
        i: 8 	offset: 800 	time_idx: 28 	 828 	 828
        i: 9 	offset: 900 	time_idx: 28 	 928 	 928
    t: 29 time_idx: 29
        i: 0 	offset: 0 	time_idx: 29 	 29 	 29
        i: 1 	offset: 100 	time_idx: 29 	 129 	 129
        i: 2 	offset: 200 	time_idx: 29 	 229 	 229
        i: 3 	offset: 300 	time_idx: 29 	 329 	 329
        i: 4 	offset: 400 	time_idx: 29 	 429 	 429
        i: 5 	offset: 500 	time_idx: 29 	 529 	 529
        i: 6 	offset: 600 	time_idx: 29 	 629 	 629
        i: 7 	offset: 700 	time_idx: 29 	 729 	 729
        i: 8 	offset: 800 	time_idx: 29 	 829 	 829
        i: 9 	offset: 900 	time_idx: 29 	 929 	 929
    t: 30 time_idx: 30
        i: 0 	offset: 0 	time_idx: 30 	 30 	 30
        i: 1 	offset: 100 	time_idx: 30 	 130 	 130
        i: 2 	offset: 200 	time_idx: 30 	 230 	 230
        i: 3 	offset: 300 	time_idx: 30 	 330 	 330
        i: 4 	offset: 400 	time_idx: 30 	 430 	 430
        i: 5 	offset: 500 	time_idx: 30 	 530 	 530
        i: 6 	offset: 600 	time_idx: 30 	 630 	 630
        i: 7 	offset: 700 	time_idx: 30 	 730 	 730
        i: 8 	offset: 800 	time_idx: 30 	 830 	 830
        i: 9 	offset: 900 	time_idx: 30 	 930 	 930
    t: 31 time_idx: 31
        i: 0 	offset: 0 	time_idx: 31 	 31 	 31
        i: 1 	offset: 100 	time_idx: 31 	 131 	 131
        i: 2 	offset: 200 	time_idx: 31 	 231 	 231
        i: 3 	offset: 300 	time_idx: 31 	 331 	 331
        i: 4 	offset: 400 	time_idx: 31 	 431 	 431
        i: 5 	offset: 500 	time_idx: 31 	 531 	 531
        i: 6 	offset: 600 	time_idx: 31 	 631 	 631
        i: 7 	offset: 700 	time_idx: 31 	 731 	 731
        i: 8 	offset: 800 	time_idx: 31 	 831 	 831
        i: 9 	offset: 900 	time_idx: 31 	 931 	 931
    t: 32 time_idx: 32
        i: 0 	offset: 0 	time_idx: 32 	 32 	 32
        i: 1 	offset: 100 	time_idx: 32 	 132 	 132
        i: 2 	offset: 200 	time_idx: 32 	 232 	 232
        i: 3 	offset: 300 	time_idx: 32 	 332 	 332
        i: 4 	offset: 400 	time_idx: 32 	 432 	 432
        i: 5 	offset: 500 	time_idx: 32 	 532 	 532
        i: 6 	offset: 600 	time_idx: 32 	 632 	 632
        i: 7 	offset: 700 	time_idx: 32 	 732 	 732
        i: 8 	offset: 800 	time_idx: 32 	 832 	 832
        i: 9 	offset: 900 	time_idx: 32 	 932 	 932
    t: 33 time_idx: 33
        i: 0 	offset: 0 	time_idx: 33 	 33 	 33
        i: 1 	offset: 100 	time_idx: 33 	 133 	 133
        i: 2 	offset: 200 	time_idx: 33 	 233 	 233
        i: 3 	offset: 300 	time_idx: 33 	 333 	 333
        i: 4 	offset: 400 	time_idx: 33 	 433 	 433
        i: 5 	offset: 500 	time_idx: 33 	 533 	 533
        i: 6 	offset: 600 	time_idx: 33 	 633 	 633
        i: 7 	offset: 700 	time_idx: 33 	 733 	 733
        i: 8 	offset: 800 	time_idx: 33 	 833 	 833
        i: 9 	offset: 900 	time_idx: 33 	 933 	 933
    t: 34 time_idx: 34
        i: 0 	offset: 0 	time_idx: 34 	 34 	 34
        i: 1 	offset: 100 	time_idx: 34 	 134 	 134
        i: 2 	offset: 200 	time_idx: 34 	 234 	 234
        i: 3 	offset: 300 	time_idx: 34 	 334 	 334
        i: 4 	offset: 400 	time_idx: 34 	 434 	 434
        i: 5 	offset: 500 	time_idx: 34 	 534 	 534
        i: 6 	offset: 600 	time_idx: 34 	 634 	 634
        i: 7 	offset: 700 	time_idx: 34 	 734 	 734
        i: 8 	offset: 800 	time_idx: 34 	 834 	 834
        i: 9 	offset: 900 	time_idx: 34 	 934 	 934
    t: 35 time_idx: 35
        i: 0 	offset: 0 	time_idx: 35 	 35 	 35
        i: 1 	offset: 100 	time_idx: 35 	 135 	 135
        i: 2 	offset: 200 	time_idx: 35 	 235 	 235
        i: 3 	offset: 300 	time_idx: 35 	 335 	 335
        i: 4 	offset: 400 	time_idx: 35 	 435 	 435
        i: 5 	offset: 500 	time_idx: 35 	 535 	 535
        i: 6 	offset: 600 	time_idx: 35 	 635 	 635
        i: 7 	offset: 700 	time_idx: 35 	 735 	 735
        i: 8 	offset: 800 	time_idx: 35 	 835 	 835
        i: 9 	offset: 900 	time_idx: 35 	 935 	 935
    t: 36 time_idx: 36
        i: 0 	offset: 0 	time_idx: 36 	 36 	 36
        i: 1 	offset: 100 	time_idx: 36 	 136 	 136
        i: 2 	offset: 200 	time_idx: 36 	 236 	 236
        i: 3 	offset: 300 	time_idx: 36 	 336 	 336
        i: 4 	offset: 400 	time_idx: 36 	 436 	 436
        i: 5 	offset: 500 	time_idx: 36 	 536 	 536
        i: 6 	offset: 600 	time_idx: 36 	 636 	 636
        i: 7 	offset: 700 	time_idx: 36 	 736 	 736
        i: 8 	offset: 800 	time_idx: 36 	 836 	 836
        i: 9 	offset: 900 	time_idx: 36 	 936 	 936
    t: 37 time_idx: 37
        i: 0 	offset: 0 	time_idx: 37 	 37 	 37
        i: 1 	offset: 100 	time_idx: 37 	 137 	 137
        i: 2 	offset: 200 	time_idx: 37 	 237 	 237
        i: 3 	offset: 300 	time_idx: 37 	 337 	 337
        i: 4 	offset: 400 	time_idx: 37 	 437 	 437
        i: 5 	offset: 500 	time_idx: 37 	 537 	 537
        i: 6 	offset: 600 	time_idx: 37 	 637 	 637
        i: 7 	offset: 700 	time_idx: 37 	 737 	 737
        i: 8 	offset: 800 	time_idx: 37 	 837 	 837
        i: 9 	offset: 900 	time_idx: 37 	 937 	 937
    t: 38 time_idx: 38
        i: 0 	offset: 0 	time_idx: 38 	 38 	 38
        i: 1 	offset: 100 	time_idx: 38 	 138 	 138
        i: 2 	offset: 200 	time_idx: 38 	 238 	 238
        i: 3 	offset: 300 	time_idx: 38 	 338 	 338
        i: 4 	offset: 400 	time_idx: 38 	 438 	 438
        i: 5 	offset: 500 	time_idx: 38 	 538 	 538
        i: 6 	offset: 600 	time_idx: 38 	 638 	 638
        i: 7 	offset: 700 	time_idx: 38 	 738 	 738
        i: 8 	offset: 800 	time_idx: 38 	 838 	 838
        i: 9 	offset: 900 	time_idx: 38 	 938 	 938
    t: 39 time_idx: 39
        i: 0 	offset: 0 	time_idx: 39 	 39 	 39
        i: 1 	offset: 100 	time_idx: 39 	 139 	 139
        i: 2 	offset: 200 	time_idx: 39 	 239 	 239
        i: 3 	offset: 300 	time_idx: 39 	 339 	 339
        i: 4 	offset: 400 	time_idx: 39 	 439 	 439
        i: 5 	offset: 500 	time_idx: 39 	 539 	 539
        i: 6 	offset: 600 	time_idx: 39 	 639 	 639
        i: 7 	offset: 700 	time_idx: 39 	 739 	 739
        i: 8 	offset: 800 	time_idx: 39 	 839 	 839
        i: 9 	offset: 900 	time_idx: 39 	 939 	 939
    t: 40 time_idx: 40
        i: 0 	offset: 0 	time_idx: 40 	 40 	 40
        i: 1 	offset: 100 	time_idx: 40 	 140 	 140
        i: 2 	offset: 200 	time_idx: 40 	 240 	 240
        i: 3 	offset: 300 	time_idx: 40 	 340 	 340
        i: 4 	offset: 400 	time_idx: 40 	 440 	 440
        i: 5 	offset: 500 	time_idx: 40 	 540 	 540
        i: 6 	offset: 600 	time_idx: 40 	 640 	 640
        i: 7 	offset: 700 	time_idx: 40 	 740 	 740
        i: 8 	offset: 800 	time_idx: 40 	 840 	 840
        i: 9 	offset: 900 	time_idx: 40 	 940 	 940
    t: 41 time_idx: 41
        i: 0 	offset: 0 	time_idx: 41 	 41 	 41
        i: 1 	offset: 100 	time_idx: 41 	 141 	 141
        i: 2 	offset: 200 	time_idx: 41 	 241 	 241
        i: 3 	offset: 300 	time_idx: 41 	 341 	 341
        i: 4 	offset: 400 	time_idx: 41 	 441 	 441
        i: 5 	offset: 500 	time_idx: 41 	 541 	 541
        i: 6 	offset: 600 	time_idx: 41 	 641 	 641
        i: 7 	offset: 700 	time_idx: 41 	 741 	 741
        i: 8 	offset: 800 	time_idx: 41 	 841 	 841
        i: 9 	offset: 900 	time_idx: 41 	 941 	 941
    t: 42 time_idx: 42
        i: 0 	offset: 0 	time_idx: 42 	 42 	 42
        i: 1 	offset: 100 	time_idx: 42 	 142 	 142
        i: 2 	offset: 200 	time_idx: 42 	 242 	 242
        i: 3 	offset: 300 	time_idx: 42 	 342 	 342
        i: 4 	offset: 400 	time_idx: 42 	 442 	 442
        i: 5 	offset: 500 	time_idx: 42 	 542 	 542
        i: 6 	offset: 600 	time_idx: 42 	 642 	 642
        i: 7 	offset: 700 	time_idx: 42 	 742 	 742
        i: 8 	offset: 800 	time_idx: 42 	 842 	 842
        i: 9 	offset: 900 	time_idx: 42 	 942 	 942
    t: 43 time_idx: 43
        i: 0 	offset: 0 	time_idx: 43 	 43 	 43
        i: 1 	offset: 100 	time_idx: 43 	 143 	 143
        i: 2 	offset: 200 	time_idx: 43 	 243 	 243
        i: 3 	offset: 300 	time_idx: 43 	 343 	 343
        i: 4 	offset: 400 	time_idx: 43 	 443 	 443
        i: 5 	offset: 500 	time_idx: 43 	 543 	 543
        i: 6 	offset: 600 	time_idx: 43 	 643 	 643
        i: 7 	offset: 700 	time_idx: 43 	 743 	 743
        i: 8 	offset: 800 	time_idx: 43 	 843 	 843
        i: 9 	offset: 900 	time_idx: 43 	 943 	 943
    t: 44 time_idx: 44
        i: 0 	offset: 0 	time_idx: 44 	 44 	 44
        i: 1 	offset: 100 	time_idx: 44 	 144 	 144
        i: 2 	offset: 200 	time_idx: 44 	 244 	 244
        i: 3 	offset: 300 	time_idx: 44 	 344 	 344
        i: 4 	offset: 400 	time_idx: 44 	 444 	 444
        i: 5 	offset: 500 	time_idx: 44 	 544 	 544
        i: 6 	offset: 600 	time_idx: 44 	 644 	 644
        i: 7 	offset: 700 	time_idx: 44 	 744 	 744
        i: 8 	offset: 800 	time_idx: 44 	 844 	 844
        i: 9 	offset: 900 	time_idx: 44 	 944 	 944
    t: 45 time_idx: 45
        i: 0 	offset: 0 	time_idx: 45 	 45 	 45
        i: 1 	offset: 100 	time_idx: 45 	 145 	 145
        i: 2 	offset: 200 	time_idx: 45 	 245 	 245
        i: 3 	offset: 300 	time_idx: 45 	 345 	 345
        i: 4 	offset: 400 	time_idx: 45 	 445 	 445
        i: 5 	offset: 500 	time_idx: 45 	 545 	 545
        i: 6 	offset: 600 	time_idx: 45 	 645 	 645
        i: 7 	offset: 700 	time_idx: 45 	 745 	 745
        i: 8 	offset: 800 	time_idx: 45 	 845 	 845
        i: 9 	offset: 900 	time_idx: 45 	 945 	 945
    t: 46 time_idx: 46
        i: 0 	offset: 0 	time_idx: 46 	 46 	 46
        i: 1 	offset: 100 	time_idx: 46 	 146 	 146
        i: 2 	offset: 200 	time_idx: 46 	 246 	 246
        i: 3 	offset: 300 	time_idx: 46 	 346 	 346
        i: 4 	offset: 400 	time_idx: 46 	 446 	 446
        i: 5 	offset: 500 	time_idx: 46 	 546 	 546
        i: 6 	offset: 600 	time_idx: 46 	 646 	 646
        i: 7 	offset: 700 	time_idx: 46 	 746 	 746
        i: 8 	offset: 800 	time_idx: 46 	 846 	 846
        i: 9 	offset: 900 	time_idx: 46 	 946 	 946
    t: 47 time_idx: 47
        i: 0 	offset: 0 	time_idx: 47 	 47 	 47
        i: 1 	offset: 100 	time_idx: 47 	 147 	 147
        i: 2 	offset: 200 	time_idx: 47 	 247 	 247
        i: 3 	offset: 300 	time_idx: 47 	 347 	 347
        i: 4 	offset: 400 	time_idx: 47 	 447 	 447
        i: 5 	offset: 500 	time_idx: 47 	 547 	 547
        i: 6 	offset: 600 	time_idx: 47 	 647 	 647
        i: 7 	offset: 700 	time_idx: 47 	 747 	 747
        i: 8 	offset: 800 	time_idx: 47 	 847 	 847
        i: 9 	offset: 900 	time_idx: 47 	 947 	 947
    t: 48 time_idx: 48
        i: 0 	offset: 0 	time_idx: 48 	 48 	 48
        i: 1 	offset: 100 	time_idx: 48 	 148 	 148
        i: 2 	offset: 200 	time_idx: 48 	 248 	 248
        i: 3 	offset: 300 	time_idx: 48 	 348 	 348
        i: 4 	offset: 400 	time_idx: 48 	 448 	 448
        i: 5 	offset: 500 	time_idx: 48 	 548 	 548
        i: 6 	offset: 600 	time_idx: 48 	 648 	 648
        i: 7 	offset: 700 	time_idx: 48 	 748 	 748
        i: 8 	offset: 800 	time_idx: 48 	 848 	 848
        i: 9 	offset: 900 	time_idx: 48 	 948 	 948
    t: 49 time_idx: 49
        i: 0 	offset: 0 	time_idx: 49 	 49 	 49
        i: 1 	offset: 100 	time_idx: 49 	 149 	 149
        i: 2 	offset: 200 	time_idx: 49 	 249 	 249
        i: 3 	offset: 300 	time_idx: 49 	 349 	 349
        i: 4 	offset: 400 	time_idx: 49 	 449 	 449
        i: 5 	offset: 500 	time_idx: 49 	 549 	 549
        i: 6 	offset: 600 	time_idx: 49 	 649 	 649
        i: 7 	offset: 700 	time_idx: 49 	 749 	 749
        i: 8 	offset: 800 	time_idx: 49 	 849 	 849
        i: 9 	offset: 900 	time_idx: 49 	 949 	 949
iter: 1
    t: 0 time_idx: 50
        i: 0 	offset: 0 	time_idx: 50 	 50 	 50
        i: 1 	offset: 100 	time_idx: 50 	 150 	 150
        i: 2 	offset: 200 	time_idx: 50 	 250 	 250
        i: 3 	offset: 300 	time_idx: 50 	 350 	 350
        i: 4 	offset: 400 	time_idx: 50 	 450 	 450
        i: 5 	offset: 500 	time_idx: 50 	 550 	 550
        i: 6 	offset: 600 	time_idx: 50 	 650 	 650
        i: 7 	offset: 700 	time_idx: 50 	 750 	 750
        i: 8 	offset: 800 	time_idx: 50 	 850 	 850
        i: 9 	offset: 900 	time_idx: 50 	 950 	 950
    t: 1 time_idx: 51
        i: 0 	offset: 0 	time_idx: 51 	 51 	 51
        i: 1 	offset: 100 	time_idx: 51 	 151 	 151
        i: 2 	offset: 200 	time_idx: 51 	 251 	 251
        i: 3 	offset: 300 	time_idx: 51 	 351 	 351
        i: 4 	offset: 400 	time_idx: 51 	 451 	 451
        i: 5 	offset: 500 	time_idx: 51 	 551 	 551
        i: 6 	offset: 600 	time_idx: 51 	 651 	 651
        i: 7 	offset: 700 	time_idx: 51 	 751 	 751
        i: 8 	offset: 800 	time_idx: 51 	 851 	 851
        i: 9 	offset: 900 	time_idx: 51 	 951 	 951
    t: 2 time_idx: 52
        i: 0 	offset: 0 	time_idx: 52 	 52 	 52
        i: 1 	offset: 100 	time_idx: 52 	 152 	 152
        i: 2 	offset: 200 	time_idx: 52 	 252 	 252
        i: 3 	offset: 300 	time_idx: 52 	 352 	 352
        i: 4 	offset: 400 	time_idx: 52 	 452 	 452
        i: 5 	offset: 500 	time_idx: 52 	 552 	 552
        i: 6 	offset: 600 	time_idx: 52 	 652 	 652
        i: 7 	offset: 700 	time_idx: 52 	 752 	 752
        i: 8 	offset: 800 	time_idx: 52 	 852 	 852
        i: 9 	offset: 900 	time_idx: 52 	 952 	 952
    t: 3 time_idx: 53
        i: 0 	offset: 0 	time_idx: 53 	 53 	 53
        i: 1 	offset: 100 	time_idx: 53 	 153 	 153
        i: 2 	offset: 200 	time_idx: 53 	 253 	 253
        i: 3 	offset: 300 	time_idx: 53 	 353 	 353
        i: 4 	offset: 400 	time_idx: 53 	 453 	 453
        i: 5 	offset: 500 	time_idx: 53 	 553 	 553
        i: 6 	offset: 600 	time_idx: 53 	 653 	 653
        i: 7 	offset: 700 	time_idx: 53 	 753 	 753
        i: 8 	offset: 800 	time_idx: 53 	 853 	 853
        i: 9 	offset: 900 	time_idx: 53 	 953 	 953
    t: 4 time_idx: 54
        i: 0 	offset: 0 	time_idx: 54 	 54 	 54
        i: 1 	offset: 100 	time_idx: 54 	 154 	 154
        i: 2 	offset: 200 	time_idx: 54 	 254 	 254
        i: 3 	offset: 300 	time_idx: 54 	 354 	 354
        i: 4 	offset: 400 	time_idx: 54 	 454 	 454
        i: 5 	offset: 500 	time_idx: 54 	 554 	 554
        i: 6 	offset: 600 	time_idx: 54 	 654 	 654
        i: 7 	offset: 700 	time_idx: 54 	 754 	 754
        i: 8 	offset: 800 	time_idx: 54 	 854 	 854
        i: 9 	offset: 900 	time_idx: 54 	 954 	 954
    t: 5 time_idx: 55
        i: 0 	offset: 0 	time_idx: 55 	 55 	 55
        i: 1 	offset: 100 	time_idx: 55 	 155 	 155
        i: 2 	offset: 200 	time_idx: 55 	 255 	 255
        i: 3 	offset: 300 	time_idx: 55 	 355 	 355
        i: 4 	offset: 400 	time_idx: 55 	 455 	 455
        i: 5 	offset: 500 	time_idx: 55 	 555 	 555
        i: 6 	offset: 600 	time_idx: 55 	 655 	 655
        i: 7 	offset: 700 	time_idx: 55 	 755 	 755
        i: 8 	offset: 800 	time_idx: 55 	 855 	 855
        i: 9 	offset: 900 	time_idx: 55 	 955 	 955
    t: 6 time_idx: 56
        i: 0 	offset: 0 	time_idx: 56 	 56 	 56
        i: 1 	offset: 100 	time_idx: 56 	 156 	 156
        i: 2 	offset: 200 	time_idx: 56 	 256 	 256
        i: 3 	offset: 300 	time_idx: 56 	 356 	 356
        i: 4 	offset: 400 	time_idx: 56 	 456 	 456
        i: 5 	offset: 500 	time_idx: 56 	 556 	 556
        i: 6 	offset: 600 	time_idx: 56 	 656 	 656
        i: 7 	offset: 700 	time_idx: 56 	 756 	 756
        i: 8 	offset: 800 	time_idx: 56 	 856 	 856
        i: 9 	offset: 900 	time_idx: 56 	 956 	 956
    t: 7 time_idx: 57
        i: 0 	offset: 0 	time_idx: 57 	 57 	 57
        i: 1 	offset: 100 	time_idx: 57 	 157 	 157
        i: 2 	offset: 200 	time_idx: 57 	 257 	 257
        i: 3 	offset: 300 	time_idx: 57 	 357 	 357
        i: 4 	offset: 400 	time_idx: 57 	 457 	 457
        i: 5 	offset: 500 	time_idx: 57 	 557 	 557
        i: 6 	offset: 600 	time_idx: 57 	 657 	 657
        i: 7 	offset: 700 	time_idx: 57 	 757 	 757
        i: 8 	offset: 800 	time_idx: 57 	 857 	 857
        i: 9 	offset: 900 	time_idx: 57 	 957 	 957
    t: 8 time_idx: 58
        i: 0 	offset: 0 	time_idx: 58 	 58 	 58
        i: 1 	offset: 100 	time_idx: 58 	 158 	 158
        i: 2 	offset: 200 	time_idx: 58 	 258 	 258
        i: 3 	offset: 300 	time_idx: 58 	 358 	 358
        i: 4 	offset: 400 	time_idx: 58 	 458 	 458
        i: 5 	offset: 500 	time_idx: 58 	 558 	 558
        i: 6 	offset: 600 	time_idx: 58 	 658 	 658
        i: 7 	offset: 700 	time_idx: 58 	 758 	 758
        i: 8 	offset: 800 	time_idx: 58 	 858 	 858
        i: 9 	offset: 900 	time_idx: 58 	 958 	 958
    t: 9 time_idx: 59
        i: 0 	offset: 0 	time_idx: 59 	 59 	 59
        i: 1 	offset: 100 	time_idx: 59 	 159 	 159
        i: 2 	offset: 200 	time_idx: 59 	 259 	 259
        i: 3 	offset: 300 	time_idx: 59 	 359 	 359
        i: 4 	offset: 400 	time_idx: 59 	 459 	 459
        i: 5 	offset: 500 	time_idx: 59 	 559 	 559
        i: 6 	offset: 600 	time_idx: 59 	 659 	 659
        i: 7 	offset: 700 	time_idx: 59 	 759 	 759
        i: 8 	offset: 800 	time_idx: 59 	 859 	 859
        i: 9 	offset: 900 	time_idx: 59 	 959 	 959
    t: 10 time_idx: 60
        i: 0 	offset: 0 	time_idx: 60 	 60 	 60
        i: 1 	offset: 100 	time_idx: 60 	 160 	 160
        i: 2 	offset: 200 	time_idx: 60 	 260 	 260
        i: 3 	offset: 300 	time_idx: 60 	 360 	 360
        i: 4 	offset: 400 	time_idx: 60 	 460 	 460
        i: 5 	offset: 500 	time_idx: 60 	 560 	 560
        i: 6 	offset: 600 	time_idx: 60 	 660 	 660
        i: 7 	offset: 700 	time_idx: 60 	 760 	 760
        i: 8 	offset: 800 	time_idx: 60 	 860 	 860
        i: 9 	offset: 900 	time_idx: 60 	 960 	 960
    t: 11 time_idx: 61
        i: 0 	offset: 0 	time_idx: 61 	 61 	 61
        i: 1 	offset: 100 	time_idx: 61 	 161 	 161
        i: 2 	offset: 200 	time_idx: 61 	 261 	 261
        i: 3 	offset: 300 	time_idx: 61 	 361 	 361
        i: 4 	offset: 400 	time_idx: 61 	 461 	 461
        i: 5 	offset: 500 	time_idx: 61 	 561 	 561
        i: 6 	offset: 600 	time_idx: 61 	 661 	 661
        i: 7 	offset: 700 	time_idx: 61 	 761 	 761
        i: 8 	offset: 800 	time_idx: 61 	 861 	 861
        i: 9 	offset: 900 	time_idx: 61 	 961 	 961
    t: 12 time_idx: 62
        i: 0 	offset: 0 	time_idx: 62 	 62 	 62
        i: 1 	offset: 100 	time_idx: 62 	 162 	 162
        i: 2 	offset: 200 	time_idx: 62 	 262 	 262
        i: 3 	offset: 300 	time_idx: 62 	 362 	 362
        i: 4 	offset: 400 	time_idx: 62 	 462 	 462
        i: 5 	offset: 500 	time_idx: 62 	 562 	 562
        i: 6 	offset: 600 	time_idx: 62 	 662 	 662
        i: 7 	offset: 700 	time_idx: 62 	 762 	 762
        i: 8 	offset: 800 	time_idx: 62 	 862 	 862
        i: 9 	offset: 900 	time_idx: 62 	 962 	 962
    t: 13 time_idx: 63
        i: 0 	offset: 0 	time_idx: 63 	 63 	 63
        i: 1 	offset: 100 	time_idx: 63 	 163 	 163
        i: 2 	offset: 200 	time_idx: 63 	 263 	 263
        i: 3 	offset: 300 	time_idx: 63 	 363 	 363
        i: 4 	offset: 400 	time_idx: 63 	 463 	 463
        i: 5 	offset: 500 	time_idx: 63 	 563 	 563
        i: 6 	offset: 600 	time_idx: 63 	 663 	 663
        i: 7 	offset: 700 	time_idx: 63 	 763 	 763
        i: 8 	offset: 800 	time_idx: 63 	 863 	 863
        i: 9 	offset: 900 	time_idx: 63 	 963 	 963
    t: 14 time_idx: 64
        i: 0 	offset: 0 	time_idx: 64 	 64 	 64
        i: 1 	offset: 100 	time_idx: 64 	 164 	 164
        i: 2 	offset: 200 	time_idx: 64 	 264 	 264
        i: 3 	offset: 300 	time_idx: 64 	 364 	 364
        i: 4 	offset: 400 	time_idx: 64 	 464 	 464
        i: 5 	offset: 500 	time_idx: 64 	 564 	 564
        i: 6 	offset: 600 	time_idx: 64 	 664 	 664
        i: 7 	offset: 700 	time_idx: 64 	 764 	 764
        i: 8 	offset: 800 	time_idx: 64 	 864 	 864
        i: 9 	offset: 900 	time_idx: 64 	 964 	 964
    t: 15 time_idx: 65
        i: 0 	offset: 0 	time_idx: 65 	 65 	 65
        i: 1 	offset: 100 	time_idx: 65 	 165 	 165
        i: 2 	offset: 200 	time_idx: 65 	 265 	 265
        i: 3 	offset: 300 	time_idx: 65 	 365 	 365
        i: 4 	offset: 400 	time_idx: 65 	 465 	 465
        i: 5 	offset: 500 	time_idx: 65 	 565 	 565
        i: 6 	offset: 600 	time_idx: 65 	 665 	 665
        i: 7 	offset: 700 	time_idx: 65 	 765 	 765
        i: 8 	offset: 800 	time_idx: 65 	 865 	 865
        i: 9 	offset: 900 	time_idx: 65 	 965 	 965
    t: 16 time_idx: 66
        i: 0 	offset: 0 	time_idx: 66 	 66 	 66
        i: 1 	offset: 100 	time_idx: 66 	 166 	 166
        i: 2 	offset: 200 	time_idx: 66 	 266 	 266
        i: 3 	offset: 300 	time_idx: 66 	 366 	 366
        i: 4 	offset: 400 	time_idx: 66 	 466 	 466
        i: 5 	offset: 500 	time_idx: 66 	 566 	 566
        i: 6 	offset: 600 	time_idx: 66 	 666 	 666
        i: 7 	offset: 700 	time_idx: 66 	 766 	 766
        i: 8 	offset: 800 	time_idx: 66 	 866 	 866
        i: 9 	offset: 900 	time_idx: 66 	 966 	 966
    t: 17 time_idx: 67
        i: 0 	offset: 0 	time_idx: 67 	 67 	 67
        i: 1 	offset: 100 	time_idx: 67 	 167 	 167
        i: 2 	offset: 200 	time_idx: 67 	 267 	 267
        i: 3 	offset: 300 	time_idx: 67 	 367 	 367
        i: 4 	offset: 400 	time_idx: 67 	 467 	 467
        i: 5 	offset: 500 	time_idx: 67 	 567 	 567
        i: 6 	offset: 600 	time_idx: 67 	 667 	 667
        i: 7 	offset: 700 	time_idx: 67 	 767 	 767
        i: 8 	offset: 800 	time_idx: 67 	 867 	 867
        i: 9 	offset: 900 	time_idx: 67 	 967 	 967
    t: 18 time_idx: 68
        i: 0 	offset: 0 	time_idx: 68 	 68 	 68
        i: 1 	offset: 100 	time_idx: 68 	 168 	 168
        i: 2 	offset: 200 	time_idx: 68 	 268 	 268
        i: 3 	offset: 300 	time_idx: 68 	 368 	 368
        i: 4 	offset: 400 	time_idx: 68 	 468 	 468
        i: 5 	offset: 500 	time_idx: 68 	 568 	 568
        i: 6 	offset: 600 	time_idx: 68 	 668 	 668
        i: 7 	offset: 700 	time_idx: 68 	 768 	 768
        i: 8 	offset: 800 	time_idx: 68 	 868 	 868
        i: 9 	offset: 900 	time_idx: 68 	 968 	 968
    t: 19 time_idx: 69
        i: 0 	offset: 0 	time_idx: 69 	 69 	 69
        i: 1 	offset: 100 	time_idx: 69 	 169 	 169
        i: 2 	offset: 200 	time_idx: 69 	 269 	 269
        i: 3 	offset: 300 	time_idx: 69 	 369 	 369
        i: 4 	offset: 400 	time_idx: 69 	 469 	 469
        i: 5 	offset: 500 	time_idx: 69 	 569 	 569
        i: 6 	offset: 600 	time_idx: 69 	 669 	 669
        i: 7 	offset: 700 	time_idx: 69 	 769 	 769
        i: 8 	offset: 800 	time_idx: 69 	 869 	 869
        i: 9 	offset: 900 	time_idx: 69 	 969 	 969
    t: 20 time_idx: 70
        i: 0 	offset: 0 	time_idx: 70 	 70 	 70
        i: 1 	offset: 100 	time_idx: 70 	 170 	 170
        i: 2 	offset: 200 	time_idx: 70 	 270 	 270
        i: 3 	offset: 300 	time_idx: 70 	 370 	 370
        i: 4 	offset: 400 	time_idx: 70 	 470 	 470
        i: 5 	offset: 500 	time_idx: 70 	 570 	 570
        i: 6 	offset: 600 	time_idx: 70 	 670 	 670
        i: 7 	offset: 700 	time_idx: 70 	 770 	 770
        i: 8 	offset: 800 	time_idx: 70 	 870 	 870
        i: 9 	offset: 900 	time_idx: 70 	 970 	 970
    t: 21 time_idx: 71
        i: 0 	offset: 0 	time_idx: 71 	 71 	 71
        i: 1 	offset: 100 	time_idx: 71 	 171 	 171
        i: 2 	offset: 200 	time_idx: 71 	 271 	 271
        i: 3 	offset: 300 	time_idx: 71 	 371 	 371
        i: 4 	offset: 400 	time_idx: 71 	 471 	 471
        i: 5 	offset: 500 	time_idx: 71 	 571 	 571
        i: 6 	offset: 600 	time_idx: 71 	 671 	 671
        i: 7 	offset: 700 	time_idx: 71 	 771 	 771
        i: 8 	offset: 800 	time_idx: 71 	 871 	 871
        i: 9 	offset: 900 	time_idx: 71 	 971 	 971
    t: 22 time_idx: 72
        i: 0 	offset: 0 	time_idx: 72 	 72 	 72
        i: 1 	offset: 100 	time_idx: 72 	 172 	 172
        i: 2 	offset: 200 	time_idx: 72 	 272 	 272
        i: 3 	offset: 300 	time_idx: 72 	 372 	 372
        i: 4 	offset: 400 	time_idx: 72 	 472 	 472
        i: 5 	offset: 500 	time_idx: 72 	 572 	 572
        i: 6 	offset: 600 	time_idx: 72 	 672 	 672
        i: 7 	offset: 700 	time_idx: 72 	 772 	 772
        i: 8 	offset: 800 	time_idx: 72 	 872 	 872
        i: 9 	offset: 900 	time_idx: 72 	 972 	 972
    t: 23 time_idx: 73
        i: 0 	offset: 0 	time_idx: 73 	 73 	 73
        i: 1 	offset: 100 	time_idx: 73 	 173 	 173
        i: 2 	offset: 200 	time_idx: 73 	 273 	 273
        i: 3 	offset: 300 	time_idx: 73 	 373 	 373
        i: 4 	offset: 400 	time_idx: 73 	 473 	 473
        i: 5 	offset: 500 	time_idx: 73 	 573 	 573
        i: 6 	offset: 600 	time_idx: 73 	 673 	 673
        i: 7 	offset: 700 	time_idx: 73 	 773 	 773
        i: 8 	offset: 800 	time_idx: 73 	 873 	 873
        i: 9 	offset: 900 	time_idx: 73 	 973 	 973
    t: 24 time_idx: 74
        i: 0 	offset: 0 	time_idx: 74 	 74 	 74
        i: 1 	offset: 100 	time_idx: 74 	 174 	 174
        i: 2 	offset: 200 	time_idx: 74 	 274 	 274
        i: 3 	offset: 300 	time_idx: 74 	 374 	 374
        i: 4 	offset: 400 	time_idx: 74 	 474 	 474
        i: 5 	offset: 500 	time_idx: 74 	 574 	 574
        i: 6 	offset: 600 	time_idx: 74 	 674 	 674
        i: 7 	offset: 700 	time_idx: 74 	 774 	 774
        i: 8 	offset: 800 	time_idx: 74 	 874 	 874
        i: 9 	offset: 900 	time_idx: 74 	 974 	 974
    t: 25 time_idx: 75
        i: 0 	offset: 0 	time_idx: 75 	 75 	 75
        i: 1 	offset: 100 	time_idx: 75 	 175 	 175
        i: 2 	offset: 200 	time_idx: 75 	 275 	 275
        i: 3 	offset: 300 	time_idx: 75 	 375 	 375
        i: 4 	offset: 400 	time_idx: 75 	 475 	 475
        i: 5 	offset: 500 	time_idx: 75 	 575 	 575
        i: 6 	offset: 600 	time_idx: 75 	 675 	 675
        i: 7 	offset: 700 	time_idx: 75 	 775 	 775
        i: 8 	offset: 800 	time_idx: 75 	 875 	 875
        i: 9 	offset: 900 	time_idx: 75 	 975 	 975
    t: 26 time_idx: 76
        i: 0 	offset: 0 	time_idx: 76 	 76 	 76
        i: 1 	offset: 100 	time_idx: 76 	 176 	 176
        i: 2 	offset: 200 	time_idx: 76 	 276 	 276
        i: 3 	offset: 300 	time_idx: 76 	 376 	 376
        i: 4 	offset: 400 	time_idx: 76 	 476 	 476
        i: 5 	offset: 500 	time_idx: 76 	 576 	 576
        i: 6 	offset: 600 	time_idx: 76 	 676 	 676
        i: 7 	offset: 700 	time_idx: 76 	 776 	 776
        i: 8 	offset: 800 	time_idx: 76 	 876 	 876
        i: 9 	offset: 900 	time_idx: 76 	 976 	 976
    t: 27 time_idx: 77
        i: 0 	offset: 0 	time_idx: 77 	 77 	 77
        i: 1 	offset: 100 	time_idx: 77 	 177 	 177
        i: 2 	offset: 200 	time_idx: 77 	 277 	 277
        i: 3 	offset: 300 	time_idx: 77 	 377 	 377
        i: 4 	offset: 400 	time_idx: 77 	 477 	 477
        i: 5 	offset: 500 	time_idx: 77 	 577 	 577
        i: 6 	offset: 600 	time_idx: 77 	 677 	 677
        i: 7 	offset: 700 	time_idx: 77 	 777 	 777
        i: 8 	offset: 800 	time_idx: 77 	 877 	 877
        i: 9 	offset: 900 	time_idx: 77 	 977 	 977
    t: 28 time_idx: 78
        i: 0 	offset: 0 	time_idx: 78 	 78 	 78
        i: 1 	offset: 100 	time_idx: 78 	 178 	 178
        i: 2 	offset: 200 	time_idx: 78 	 278 	 278
        i: 3 	offset: 300 	time_idx: 78 	 378 	 378
        i: 4 	offset: 400 	time_idx: 78 	 478 	 478
        i: 5 	offset: 500 	time_idx: 78 	 578 	 578
        i: 6 	offset: 600 	time_idx: 78 	 678 	 678
        i: 7 	offset: 700 	time_idx: 78 	 778 	 778
        i: 8 	offset: 800 	time_idx: 78 	 878 	 878
        i: 9 	offset: 900 	time_idx: 78 	 978 	 978
    t: 29 time_idx: 79
        i: 0 	offset: 0 	time_idx: 79 	 79 	 79
        i: 1 	offset: 100 	time_idx: 79 	 179 	 179
        i: 2 	offset: 200 	time_idx: 79 	 279 	 279
        i: 3 	offset: 300 	time_idx: 79 	 379 	 379
        i: 4 	offset: 400 	time_idx: 79 	 479 	 479
        i: 5 	offset: 500 	time_idx: 79 	 579 	 579
        i: 6 	offset: 600 	time_idx: 79 	 679 	 679
        i: 7 	offset: 700 	time_idx: 79 	 779 	 779
        i: 8 	offset: 800 	time_idx: 79 	 879 	 879
        i: 9 	offset: 900 	time_idx: 79 	 979 	 979
    t: 30 time_idx: 80
        i: 0 	offset: 0 	time_idx: 80 	 80 	 80
        i: 1 	offset: 100 	time_idx: 80 	 180 	 180
        i: 2 	offset: 200 	time_idx: 80 	 280 	 280
        i: 3 	offset: 300 	time_idx: 80 	 380 	 380
        i: 4 	offset: 400 	time_idx: 80 	 480 	 480
        i: 5 	offset: 500 	time_idx: 80 	 580 	 580
        i: 6 	offset: 600 	time_idx: 80 	 680 	 680
        i: 7 	offset: 700 	time_idx: 80 	 780 	 780
        i: 8 	offset: 800 	time_idx: 80 	 880 	 880
        i: 9 	offset: 900 	time_idx: 80 	 980 	 980
    t: 31 time_idx: 81
        i: 0 	offset: 0 	time_idx: 81 	 81 	 81
        i: 1 	offset: 100 	time_idx: 81 	 181 	 181
        i: 2 	offset: 200 	time_idx: 81 	 281 	 281
        i: 3 	offset: 300 	time_idx: 81 	 381 	 381
        i: 4 	offset: 400 	time_idx: 81 	 481 	 481
        i: 5 	offset: 500 	time_idx: 81 	 581 	 581
        i: 6 	offset: 600 	time_idx: 81 	 681 	 681
        i: 7 	offset: 700 	time_idx: 81 	 781 	 781
        i: 8 	offset: 800 	time_idx: 81 	 881 	 881
        i: 9 	offset: 900 	time_idx: 81 	 981 	 981
    t: 32 time_idx: 82
        i: 0 	offset: 0 	time_idx: 82 	 82 	 82
        i: 1 	offset: 100 	time_idx: 82 	 182 	 182
        i: 2 	offset: 200 	time_idx: 82 	 282 	 282
        i: 3 	offset: 300 	time_idx: 82 	 382 	 382
        i: 4 	offset: 400 	time_idx: 82 	 482 	 482
        i: 5 	offset: 500 	time_idx: 82 	 582 	 582
        i: 6 	offset: 600 	time_idx: 82 	 682 	 682
        i: 7 	offset: 700 	time_idx: 82 	 782 	 782
        i: 8 	offset: 800 	time_idx: 82 	 882 	 882
        i: 9 	offset: 900 	time_idx: 82 	 982 	 982
    t: 33 time_idx: 83
        i: 0 	offset: 0 	time_idx: 83 	 83 	 83
        i: 1 	offset: 100 	time_idx: 83 	 183 	 183
        i: 2 	offset: 200 	time_idx: 83 	 283 	 283
        i: 3 	offset: 300 	time_idx: 83 	 383 	 383
        i: 4 	offset: 400 	time_idx: 83 	 483 	 483
        i: 5 	offset: 500 	time_idx: 83 	 583 	 583
        i: 6 	offset: 600 	time_idx: 83 	 683 	 683
        i: 7 	offset: 700 	time_idx: 83 	 783 	 783
        i: 8 	offset: 800 	time_idx: 83 	 883 	 883
        i: 9 	offset: 900 	time_idx: 83 	 983 	 983
    t: 34 time_idx: 84
        i: 0 	offset: 0 	time_idx: 84 	 84 	 84
        i: 1 	offset: 100 	time_idx: 84 	 184 	 184
        i: 2 	offset: 200 	time_idx: 84 	 284 	 284
        i: 3 	offset: 300 	time_idx: 84 	 384 	 384
        i: 4 	offset: 400 	time_idx: 84 	 484 	 484
        i: 5 	offset: 500 	time_idx: 84 	 584 	 584
        i: 6 	offset: 600 	time_idx: 84 	 684 	 684
        i: 7 	offset: 700 	time_idx: 84 	 784 	 784
        i: 8 	offset: 800 	time_idx: 84 	 884 	 884
        i: 9 	offset: 900 	time_idx: 84 	 984 	 984
    t: 35 time_idx: 85
        i: 0 	offset: 0 	time_idx: 85 	 85 	 85
        i: 1 	offset: 100 	time_idx: 85 	 185 	 185
        i: 2 	offset: 200 	time_idx: 85 	 285 	 285
        i: 3 	offset: 300 	time_idx: 85 	 385 	 385
        i: 4 	offset: 400 	time_idx: 85 	 485 	 485
        i: 5 	offset: 500 	time_idx: 85 	 585 	 585
        i: 6 	offset: 600 	time_idx: 85 	 685 	 685
        i: 7 	offset: 700 	time_idx: 85 	 785 	 785
        i: 8 	offset: 800 	time_idx: 85 	 885 	 885
        i: 9 	offset: 900 	time_idx: 85 	 985 	 985
    t: 36 time_idx: 86
        i: 0 	offset: 0 	time_idx: 86 	 86 	 86
        i: 1 	offset: 100 	time_idx: 86 	 186 	 186
        i: 2 	offset: 200 	time_idx: 86 	 286 	 286
        i: 3 	offset: 300 	time_idx: 86 	 386 	 386
        i: 4 	offset: 400 	time_idx: 86 	 486 	 486
        i: 5 	offset: 500 	time_idx: 86 	 586 	 586
        i: 6 	offset: 600 	time_idx: 86 	 686 	 686
        i: 7 	offset: 700 	time_idx: 86 	 786 	 786
        i: 8 	offset: 800 	time_idx: 86 	 886 	 886
        i: 9 	offset: 900 	time_idx: 86 	 986 	 986
    t: 37 time_idx: 87
        i: 0 	offset: 0 	time_idx: 87 	 87 	 87
        i: 1 	offset: 100 	time_idx: 87 	 187 	 187
        i: 2 	offset: 200 	time_idx: 87 	 287 	 287
        i: 3 	offset: 300 	time_idx: 87 	 387 	 387
        i: 4 	offset: 400 	time_idx: 87 	 487 	 487
        i: 5 	offset: 500 	time_idx: 87 	 587 	 587
        i: 6 	offset: 600 	time_idx: 87 	 687 	 687
        i: 7 	offset: 700 	time_idx: 87 	 787 	 787
        i: 8 	offset: 800 	time_idx: 87 	 887 	 887
        i: 9 	offset: 900 	time_idx: 87 	 987 	 987
    t: 38 time_idx: 88
        i: 0 	offset: 0 	time_idx: 88 	 88 	 88
        i: 1 	offset: 100 	time_idx: 88 	 188 	 188
        i: 2 	offset: 200 	time_idx: 88 	 288 	 288
        i: 3 	offset: 300 	time_idx: 88 	 388 	 388
        i: 4 	offset: 400 	time_idx: 88 	 488 	 488
        i: 5 	offset: 500 	time_idx: 88 	 588 	 588
        i: 6 	offset: 600 	time_idx: 88 	 688 	 688
        i: 7 	offset: 700 	time_idx: 88 	 788 	 788
        i: 8 	offset: 800 	time_idx: 88 	 888 	 888
        i: 9 	offset: 900 	time_idx: 88 	 988 	 988
    t: 39 time_idx: 89
        i: 0 	offset: 0 	time_idx: 89 	 89 	 89
        i: 1 	offset: 100 	time_idx: 89 	 189 	 189
        i: 2 	offset: 200 	time_idx: 89 	 289 	 289
        i: 3 	offset: 300 	time_idx: 89 	 389 	 389
        i: 4 	offset: 400 	time_idx: 89 	 489 	 489
        i: 5 	offset: 500 	time_idx: 89 	 589 	 589
        i: 6 	offset: 600 	time_idx: 89 	 689 	 689
        i: 7 	offset: 700 	time_idx: 89 	 789 	 789
        i: 8 	offset: 800 	time_idx: 89 	 889 	 889
        i: 9 	offset: 900 	time_idx: 89 	 989 	 989
    t: 40 time_idx: 90
        i: 0 	offset: 0 	time_idx: 90 	 90 	 90
        i: 1 	offset: 100 	time_idx: 90 	 190 	 190
        i: 2 	offset: 200 	time_idx: 90 	 290 	 290
        i: 3 	offset: 300 	time_idx: 90 	 390 	 390
        i: 4 	offset: 400 	time_idx: 90 	 490 	 490
        i: 5 	offset: 500 	time_idx: 90 	 590 	 590
        i: 6 	offset: 600 	time_idx: 90 	 690 	 690
        i: 7 	offset: 700 	time_idx: 90 	 790 	 790
        i: 8 	offset: 800 	time_idx: 90 	 890 	 890
        i: 9 	offset: 900 	time_idx: 90 	 990 	 990
    t: 41 time_idx: 91
        i: 0 	offset: 0 	time_idx: 91 	 91 	 91
        i: 1 	offset: 100 	time_idx: 91 	 191 	 191
        i: 2 	offset: 200 	time_idx: 91 	 291 	 291
        i: 3 	offset: 300 	time_idx: 91 	 391 	 391
        i: 4 	offset: 400 	time_idx: 91 	 491 	 491
        i: 5 	offset: 500 	time_idx: 91 	 591 	 591
        i: 6 	offset: 600 	time_idx: 91 	 691 	 691
        i: 7 	offset: 700 	time_idx: 91 	 791 	 791
        i: 8 	offset: 800 	time_idx: 91 	 891 	 891
        i: 9 	offset: 900 	time_idx: 91 	 991 	 991
    t: 42 time_idx: 92
        i: 0 	offset: 0 	time_idx: 92 	 92 	 92
        i: 1 	offset: 100 	time_idx: 92 	 192 	 192
        i: 2 	offset: 200 	time_idx: 92 	 292 	 292
        i: 3 	offset: 300 	time_idx: 92 	 392 	 392
        i: 4 	offset: 400 	time_idx: 92 	 492 	 492
        i: 5 	offset: 500 	time_idx: 92 	 592 	 592
        i: 6 	offset: 600 	time_idx: 92 	 692 	 692
        i: 7 	offset: 700 	time_idx: 92 	 792 	 792
        i: 8 	offset: 800 	time_idx: 92 	 892 	 892
        i: 9 	offset: 900 	time_idx: 92 	 992 	 992
    t: 43 time_idx: 93
        i: 0 	offset: 0 	time_idx: 93 	 93 	 93
        i: 1 	offset: 100 	time_idx: 93 	 193 	 193
        i: 2 	offset: 200 	time_idx: 93 	 293 	 293
        i: 3 	offset: 300 	time_idx: 93 	 393 	 393
        i: 4 	offset: 400 	time_idx: 93 	 493 	 493
        i: 5 	offset: 500 	time_idx: 93 	 593 	 593
        i: 6 	offset: 600 	time_idx: 93 	 693 	 693
        i: 7 	offset: 700 	time_idx: 93 	 793 	 793
        i: 8 	offset: 800 	time_idx: 93 	 893 	 893
        i: 9 	offset: 900 	time_idx: 93 	 993 	 993
    t: 44 time_idx: 94
        i: 0 	offset: 0 	time_idx: 94 	 94 	 94
        i: 1 	offset: 100 	time_idx: 94 	 194 	 194
        i: 2 	offset: 200 	time_idx: 94 	 294 	 294
        i: 3 	offset: 300 	time_idx: 94 	 394 	 394
        i: 4 	offset: 400 	time_idx: 94 	 494 	 494
        i: 5 	offset: 500 	time_idx: 94 	 594 	 594
        i: 6 	offset: 600 	time_idx: 94 	 694 	 694
        i: 7 	offset: 700 	time_idx: 94 	 794 	 794
        i: 8 	offset: 800 	time_idx: 94 	 894 	 894
        i: 9 	offset: 900 	time_idx: 94 	 994 	 994
    t: 45 time_idx: 95
        i: 0 	offset: 0 	time_idx: 95 	 95 	 95
        i: 1 	offset: 100 	time_idx: 95 	 195 	 195
        i: 2 	offset: 200 	time_idx: 95 	 295 	 295
        i: 3 	offset: 300 	time_idx: 95 	 395 	 395
        i: 4 	offset: 400 	time_idx: 95 	 495 	 495
        i: 5 	offset: 500 	time_idx: 95 	 595 	 595
        i: 6 	offset: 600 	time_idx: 95 	 695 	 695
        i: 7 	offset: 700 	time_idx: 95 	 795 	 795
        i: 8 	offset: 800 	time_idx: 95 	 895 	 895
        i: 9 	offset: 900 	time_idx: 95 	 995 	 995
    t: 46 time_idx: 96
        i: 0 	offset: 0 	time_idx: 96 	 96 	 96
        i: 1 	offset: 100 	time_idx: 96 	 196 	 196
        i: 2 	offset: 200 	time_idx: 96 	 296 	 296
        i: 3 	offset: 300 	time_idx: 96 	 396 	 396
        i: 4 	offset: 400 	time_idx: 96 	 496 	 496
        i: 5 	offset: 500 	time_idx: 96 	 596 	 596
        i: 6 	offset: 600 	time_idx: 96 	 696 	 696
        i: 7 	offset: 700 	time_idx: 96 	 796 	 796
        i: 8 	offset: 800 	time_idx: 96 	 896 	 896
        i: 9 	offset: 900 	time_idx: 96 	 996 	 996
    t: 47 time_idx: 97
        i: 0 	offset: 0 	time_idx: 97 	 97 	 97
        i: 1 	offset: 100 	time_idx: 97 	 197 	 197
        i: 2 	offset: 200 	time_idx: 97 	 297 	 297
        i: 3 	offset: 300 	time_idx: 97 	 397 	 397
        i: 4 	offset: 400 	time_idx: 97 	 497 	 497
        i: 5 	offset: 500 	time_idx: 97 	 597 	 597
        i: 6 	offset: 600 	time_idx: 97 	 697 	 697
        i: 7 	offset: 700 	time_idx: 97 	 797 	 797
        i: 8 	offset: 800 	time_idx: 97 	 897 	 897
        i: 9 	offset: 900 	time_idx: 97 	 997 	 997
    t: 48 time_idx: 98
        i: 0 	offset: 0 	time_idx: 98 	 98 	 98
        i: 1 	offset: 100 	time_idx: 98 	 198 	 198
        i: 2 	offset: 200 	time_idx: 98 	 298 	 298
        i: 3 	offset: 300 	time_idx: 98 	 398 	 398
        i: 4 	offset: 400 	time_idx: 98 	 498 	 498
        i: 5 	offset: 500 	time_idx: 98 	 598 	 598
        i: 6 	offset: 600 	time_idx: 98 	 698 	 698
        i: 7 	offset: 700 	time_idx: 98 	 798 	 798
        i: 8 	offset: 800 	time_idx: 98 	 898 	 898
        i: 9 	offset: 900 	time_idx: 98 	 998 	 998
    t: 49 time_idx: 99
        i: 0 	offset: 0 	time_idx: 99 	 99 	 99
        i: 1 	offset: 100 	time_idx: 99 	 199 	 199
        i: 2 	offset: 200 	time_idx: 99 	 299 	 299
        i: 3 	offset: 300 	time_idx: 99 	 399 	 399
        i: 4 	offset: 400 	time_idx: 99 	 499 	 499
        i: 5 	offset: 500 	time_idx: 99 	 599 	 599
        i: 6 	offset: 600 	time_idx: 99 	 699 	 699
        i: 7 	offset: 700 	time_idx: 99 	 799 	 799
        i: 8 	offset: 800 	time_idx: 99 	 899 	 899
        i: 9 	offset: 900 	time_idx: 99 	 999 	 999
